Build started 2/19/2023 11:06:40 AM.
     1>Project "C:\Users\shaeakh\Documents\GitHub\Game-Project-Bumble-Jet\Game-Project-Bumble-Jet\Project1\Project1\Project1\Project1.vcxproj" on node 2 (Build target(s)).
     1>ClCompile:
         C:\Program Files (x86)\Microsoft Visual Studio 12.0\VC\bin\CL.exe /c /ZI /nologo /W3 /WX- /sdl /Od /Oy- /D _MBCS /Gm /EHsc /RTC1 /MDd /GS /fp:precise /Zc:wchar_t /Zc:forScope /Fo"Debug\\" /Fd"Debug\vc120.pdb" /Gd /TP /analyze- /errorReport:prompt iMain.cpp
         iMain.cpp
     1>c:\users\shaeakh\documents\github\game-project-bumble-jet\game-project-bumble-jet\project1\project1\project1\imain.cpp(247): error C2146: syntax error : missing ')' before identifier 'obs_gap'
     1>c:\users\shaeakh\documents\github\game-project-bumble-jet\game-project-bumble-jet\project1\project1\project1\imain.cpp(247): error C2059: syntax error : ')'
     1>c:\users\shaeakh\documents\github\game-project-bumble-jet\game-project-bumble-jet\project1\project1\project1\imain.cpp(247): error C2143: syntax error : missing ';' before '{'
     1>Done Building Project "C:\Users\shaeakh\Documents\GitHub\Game-Project-Bumble-Jet\Game-Project-Bumble-Jet\Project1\Project1\Project1\Project1.vcxproj" (Build target(s)) -- FAILED.

Build FAILED.

Time Elapsed 00:00:00.69
